-------------------------------------------------------------------------------
Test set: dev.markmcd.controller.types.kripke.StateTest
-------------------------------------------------------------------------------
Tests run: 35, Failures: 4, Errors: 5, Skipped: 0, Time elapsed: 0.001 s <<< FAILURE! - in dev.markmcd.controller.types.kripke.StateTest
hasLabel2(dev.markmcd.controller.types.kripke.StateTest)  Time elapsed: 0 s  <<< FAILURE!
java.lang.AssertionError: Expected exception: java.io.IOException

hasLabel3(dev.markmcd.controller.types.kripke.StateTest)  Time elapsed: 0 s  <<< FAILURE!
java.lang.AssertionError: Expected exception: java.io.IOException

hasLabel4(dev.markmcd.controller.types.kripke.StateTest)  Time elapsed: 0 s  <<< FAILURE!
java.lang.AssertionError: Expected exception: java.io.IOException

hasLabel5(dev.markmcd.controller.types.kripke.StateTest)  Time elapsed: 0 s  <<< FAILURE!
java.lang.AssertionError: Expected exception: java.io.IOException

testToStringDetailed2(dev.markmcd.controller.types.kripke.StateTest)  Time elapsed: 0 s  <<< ERROR!
java.lang.ClassCastException: class java.lang.Character cannot be cast to class java.lang.String (java.lang.Character and java.lang.String are in module java.base of loader 'bootstrap')
	at dev.markmcd.controller.types.kripke.StateTest.testToStringDetailed2(StateTest.java:242)

testToStringDetailed3(dev.markmcd.controller.types.kripke.StateTest)  Time elapsed: 0 s  <<< ERROR!
java.lang.ClassCastException: class java.lang.Character cannot be cast to class java.lang.String (java.lang.Character and java.lang.String are in module java.base of loader 'bootstrap')
	at dev.markmcd.controller.types.kripke.StateTest.testToStringDetailed3(StateTest.java:254)

testToStringDetailed4(dev.markmcd.controller.types.kripke.StateTest)  Time elapsed: 0 s  <<< ERROR!
java.lang.ClassCastException: class java.lang.Character cannot be cast to class java.lang.String (java.lang.Character and java.lang.String are in module java.base of loader 'bootstrap')
	at dev.markmcd.controller.types.kripke.StateTest.testToStringDetailed4(StateTest.java:266)

hasLabel10(dev.markmcd.controller.types.kripke.StateTest)  Time elapsed: 0 s  <<< ERROR!
java.lang.ClassCastException: class java.lang.Character cannot be cast to class java.lang.String (java.lang.Character and java.lang.String are in module java.base of loader 'bootstrap')
	at dev.markmcd.controller.types.kripke.StateTest.hasLabel10(StateTest.java:364)

hasLabel11(dev.markmcd.controller.types.kripke.StateTest)  Time elapsed: 0 s  <<< ERROR!
java.lang.ClassCastException: class java.lang.Character cannot be cast to class java.lang.String (java.lang.Character and java.lang.String are in module java.base of loader 'bootstrap')
	at dev.markmcd.controller.types.kripke.StateTest.hasLabel11(StateTest.java:377)

