-------------------------------------------------------------------------------
Test set: dev.markmcd.controller.ControllerTest
-------------------------------------------------------------------------------
Tests run: 10, Failures: 0, Errors: 2, Skipped: 0, Time elapsed: 0.004 s <<< FAILURE! - in dev.markmcd.controller.ControllerTest
testGetTestFiles4(dev.markmcd.controller.ControllerTest)  Time elapsed: 0.001 s  <<< ERROR!
java.lang.NullPointerException
	at dev.markmcd.controller.ControllerTest.testGetTestFiles4(ControllerTest.java:89)

testGetKripkeFromFile2(dev.markmcd.controller.ControllerTest)  Time elapsed: 0.001 s  <<< ERROR!
java.lang.NullPointerException
	at dev.markmcd.controller.ControllerTest.testGetKripkeFromFile2(ControllerTest.java:126)

