-------------------------------------------------------------------------------
Test set: dev.markmcd.controller.ControllerTest
-------------------------------------------------------------------------------
Tests run: 10, Failures: 1, Errors: 0, Skipped: 0, Time elapsed: 0.075 s <<< FAILURE! - in dev.markmcd.controller.ControllerTest
testGetTestFiles4(dev.markmcd.controller.ControllerTest)  Time elapsed: 0.061 s  <<< FAILURE!
java.lang.AssertionError: expected:<[Model 1.txt, Model 2.txt, Model 3.txt, Model 4.txt, Model 5.txt, Model 6.txt, Model 7.txt, Model 8.txt]> but was:<[Model 1.txt, Model 2.txt, Model 3.txt, Model 4.txt, Model 5.txt, Model 6.txt, Model 7.txt]>
	at dev.markmcd.controller.ControllerTest.testGetTestFiles4(ControllerTest.java:101)

