-------------------------------------------------------------------------------
Test set: dev.markmcd.controller.ControllerTest
-------------------------------------------------------------------------------
Tests run: 10, Failures: 0, Errors: 2, Skipped: 0, Time elapsed: 0.013 s <<< FAILURE! - in dev.markmcd.controller.ControllerTest
testGetTestFiles4(dev.markmcd.controller.ControllerTest)  Time elapsed: 0.006 s  <<< ERROR!
java.lang.NullPointerException
	at dev.markmcd.controller.ControllerTest.testGetTestFiles4(ControllerTest.java:85)

testGetKripkeFromFile2(dev.markmcd.controller.ControllerTest)  Time elapsed: 0.003 s  <<< ERROR!
java.lang.NullPointerException
	at dev.markmcd.controller.ControllerTest.testGetKripkeFromFile2(ControllerTest.java:122)

