<?xml version="1.0" encoding="UTF-8"?>
<testsuite xmlns:xsi="http://www.w3.org/2001/XMLSchema-instance" xsi:noNamespaceSchemaLocation="https://maven.apache.org/surefire/maven-surefire-plugin/xsd/surefire-test-report.xsd" name="dev.markmcd.controller.types.kripke.StateTest" time="0.001" tests="35" errors="5" skipped="0" failures="4">
  <properties>
    <property name="java.specification.version" value="14"/>
    <property name="sun.jnu.encoding" value="UTF-8"/>
    <property name="java.class.path" value="/Users/markmcdermott/Desktop/cs5392-group-project-maven/target/test-classes:/Users/markmcdermott/Desktop/cs5392-group-project-maven/target/classes:/Users/markmcdermott/.m2/repository/junit/junit/4.11/junit-4.11.jar:/Users/markmcdermott/.m2/repository/org/hamcrest/hamcrest-core/1.3/hamcrest-core-1.3.jar:"/>
    <property name="java.vm.vendor" value="Oracle Corporation"/>
    <property name="sun.arch.data.model" value="64"/>
    <property name="java.vendor.url" value="https://java.oracle.com/"/>
    <property name="os.name" value="Mac OS X"/>
    <property name="java.vm.specification.version" value="14"/>
    <property name="sun.java.launcher" value="SUN_STANDARD"/>
    <property name="user.country" value="US"/>
    <property name="sun.boot.library.path" value="/Users/markmcdermott/Library/Java/JavaVirtualMachines/openjdk-14.0.1/Contents/Home/lib"/>
    <property name="sun.java.command" value="/Users/markmcdermott/Desktop/cs5392-group-project-maven/target/surefire/surefirebooter683365263091443316.jar /Users/markmcdermott/Desktop/cs5392-group-project-maven/target/surefire 2021-10-25T14-40-41_275-jvmRun1 surefire9494346118334552753tmp surefire_04643115904240720193tmp"/>
    <property name="jdk.debug" value="release"/>
    <property name="surefire.test.class.path" value="/Users/markmcdermott/Desktop/cs5392-group-project-maven/target/test-classes:/Users/markmcdermott/Desktop/cs5392-group-project-maven/target/classes:/Users/markmcdermott/.m2/repository/junit/junit/4.11/junit-4.11.jar:/Users/markmcdermott/.m2/repository/org/hamcrest/hamcrest-core/1.3/hamcrest-core-1.3.jar:"/>
    <property name="sun.cpu.endian" value="little"/>
    <property name="user.home" value="/Users/markmcdermott"/>
    <property name="user.language" value="en"/>
    <property name="java.specification.vendor" value="Oracle Corporation"/>
    <property name="java.version.date" value="2020-04-14"/>
    <property name="java.home" value="/Users/markmcdermott/Library/Java/JavaVirtualMachines/openjdk-14.0.1/Contents/Home"/>
    <property name="file.separator" value="/"/>
    <property name="basedir" value="/Users/markmcdermott/Desktop/cs5392-group-project-maven"/>
    <property name="java.vm.compressedOopsMode" value="Zero based"/>
    <property name="line.separator" value="&#10;"/>
    <property name="java.vm.specification.vendor" value="Oracle Corporation"/>
    <property name="java.specification.name" value="Java Platform API Specification"/>
    <property name="surefire.real.class.path" value="/Users/markmcdermott/Desktop/cs5392-group-project-maven/target/surefire/surefirebooter683365263091443316.jar"/>
    <property name="sun.management.compiler" value="HotSpot 64-Bit Tiered Compilers"/>
    <property name="java.runtime.version" value="14.0.1+7"/>
    <property name="user.name" value="markmcdermott"/>
    <property name="path.separator" value=":"/>
    <property name="os.version" value="10.16"/>
    <property name="java.runtime.name" value="OpenJDK Runtime Environment"/>
    <property name="file.encoding" value="UTF-8"/>
    <property name="java.vm.name" value="OpenJDK 64-Bit Server VM"/>
    <property name="localRepository" value="/Users/markmcdermott/.m2/repository"/>
    <property name="java.vendor.url.bug" value="https://bugreport.java.com/bugreport/"/>
    <property name="java.io.tmpdir" value="/var/folders/f3/qbkhh6hs2j96gdsfmp_9nzfr0000gn/T/"/>
    <property name="java.version" value="14.0.1"/>
    <property name="user.dir" value="/Users/markmcdermott/Desktop/cs5392-group-project-maven"/>
    <property name="os.arch" value="x86_64"/>
    <property name="java.vm.specification.name" value="Java Virtual Machine Specification"/>
    <property name="java.library.path" value="/Users/markmcdermott/Library/Java/Extensions:/Library/Java/Extensions:/Network/Library/Java/Extensions:/System/Library/Java/Extensions:/usr/lib/java:."/>
    <property name="java.vm.info" value="mixed mode, sharing"/>
    <property name="java.vendor" value="Oracle Corporation"/>
    <property name="java.vm.version" value="14.0.1+7"/>
    <property name="sun.io.unicode.encoding" value="UnicodeBig"/>
    <property name="java.class.version" value="58.0"/>
  </properties>
  <testcase name="testaddTransition1" classname="dev.markmcd.controller.types.kripke.StateTest" time="0"/>
  <testcase name="testaddTransition2" classname="dev.markmcd.controller.types.kripke.StateTest" time="0"/>
  <testcase name="testaddTransition3" classname="dev.markmcd.controller.types.kripke.StateTest" time="0"/>
  <testcase name="testaddTransition4" classname="dev.markmcd.controller.types.kripke.StateTest" time="0"/>
  <testcase name="testaddTransition6" classname="dev.markmcd.controller.types.kripke.StateTest" time="0"/>
  <testcase name="testaddTransition7" classname="dev.markmcd.controller.types.kripke.StateTest" time="0"/>
  <testcase name="testaddTransition8" classname="dev.markmcd.controller.types.kripke.StateTest" time="0"/>
  <testcase name="testaddTransition9" classname="dev.markmcd.controller.types.kripke.StateTest" time="0"/>
  <testcase name="testHasTransitionTo1" classname="dev.markmcd.controller.types.kripke.StateTest" time="0"/>
  <testcase name="testHasTransitionTo2" classname="dev.markmcd.controller.types.kripke.StateTest" time="0"/>
  <testcase name="testHasTransitionTo3" classname="dev.markmcd.controller.types.kripke.StateTest" time="0"/>
  <testcase name="testHasTransitionTo4" classname="dev.markmcd.controller.types.kripke.StateTest" time="0"/>
  <testcase name="testHasTransitionTo5" classname="dev.markmcd.controller.types.kripke.StateTest" time="0"/>
  <testcase name="testHasTransitionTo6" classname="dev.markmcd.controller.types.kripke.StateTest" time="0"/>
  <testcase name="testHasTransitionTo7" classname="dev.markmcd.controller.types.kripke.StateTest" time="0"/>
  <testcase name="testHasTransitionTo8" classname="dev.markmcd.controller.types.kripke.StateTest" time="0"/>
  <testcase name="testHasTransitionTo9" classname="dev.markmcd.controller.types.kripke.StateTest" time="0"/>
  <testcase name="hasLabel1" classname="dev.markmcd.controller.types.kripke.StateTest" time="0.001"/>
  <testcase name="hasLabel2" classname="dev.markmcd.controller.types.kripke.StateTest" time="0">
    <failure message="Expected exception: java.io.IOException" type="java.lang.AssertionError">java.lang.AssertionError: Expected exception: java.io.IOException
</failure>
  </testcase>
  <testcase name="hasLabel3" classname="dev.markmcd.controller.types.kripke.StateTest" time="0">
    <failure message="Expected exception: java.io.IOException" type="java.lang.AssertionError">java.lang.AssertionError: Expected exception: java.io.IOException
</failure>
  </testcase>
  <testcase name="hasLabel4" classname="dev.markmcd.controller.types.kripke.StateTest" time="0">
    <failure message="Expected exception: java.io.IOException" type="java.lang.AssertionError">java.lang.AssertionError: Expected exception: java.io.IOException
</failure>
  </testcase>
  <testcase name="hasLabel5" classname="dev.markmcd.controller.types.kripke.StateTest" time="0">
    <failure message="Expected exception: java.io.IOException" type="java.lang.AssertionError">java.lang.AssertionError: Expected exception: java.io.IOException
</failure>
  </testcase>
  <testcase name="hasLabel6" classname="dev.markmcd.controller.types.kripke.StateTest" time="0"/>
  <testcase name="hasLabel7" classname="dev.markmcd.controller.types.kripke.StateTest" time="0"/>
  <testcase name="hasLabel8" classname="dev.markmcd.controller.types.kripke.StateTest" time="0"/>
  <testcase name="hasLabel9" classname="dev.markmcd.controller.types.kripke.StateTest" time="0"/>
  <testcase name="testaddTransition10" classname="dev.markmcd.controller.types.kripke.StateTest" time="0"/>
  <testcase name="testaddTransition11" classname="dev.markmcd.controller.types.kripke.StateTest" time="0"/>
  <testcase name="testaddTransition12" classname="dev.markmcd.controller.types.kripke.StateTest" time="0"/>
  <testcase name="testToStringDetailed1" classname="dev.markmcd.controller.types.kripke.StateTest" time="0"/>
  <testcase name="testToStringDetailed2" classname="dev.markmcd.controller.types.kripke.StateTest" time="0">
    <error message="class java.lang.Character cannot be cast to class java.lang.String (java.lang.Character and java.lang.String are in module java.base of loader &apos;bootstrap&apos;)" type="java.lang.ClassCastException">java.lang.ClassCastException: class java.lang.Character cannot be cast to class java.lang.String (java.lang.Character and java.lang.String are in module java.base of loader 'bootstrap')
	at dev.markmcd.controller.types.kripke.StateTest.testToStringDetailed2(StateTest.java:242)
</error>
  </testcase>
  <testcase name="testToStringDetailed3" classname="dev.markmcd.controller.types.kripke.StateTest" time="0">
    <error message="class java.lang.Character cannot be cast to class java.lang.String (java.lang.Character and java.lang.String are in module java.base of loader &apos;bootstrap&apos;)" type="java.lang.ClassCastException">java.lang.ClassCastException: class java.lang.Character cannot be cast to class java.lang.String (java.lang.Character and java.lang.String are in module java.base of loader 'bootstrap')
	at dev.markmcd.controller.types.kripke.StateTest.testToStringDetailed3(StateTest.java:254)
</error>
  </testcase>
  <testcase name="testToStringDetailed4" classname="dev.markmcd.controller.types.kripke.StateTest" time="0">
    <error message="class java.lang.Character cannot be cast to class java.lang.String (java.lang.Character and java.lang.String are in module java.base of loader &apos;bootstrap&apos;)" type="java.lang.ClassCastException">java.lang.ClassCastException: class java.lang.Character cannot be cast to class java.lang.String (java.lang.Character and java.lang.String are in module java.base of loader 'bootstrap')
	at dev.markmcd.controller.types.kripke.StateTest.testToStringDetailed4(StateTest.java:266)
</error>
  </testcase>
  <testcase name="hasLabel10" classname="dev.markmcd.controller.types.kripke.StateTest" time="0">
    <error message="class java.lang.Character cannot be cast to class java.lang.String (java.lang.Character and java.lang.String are in module java.base of loader &apos;bootstrap&apos;)" type="java.lang.ClassCastException">java.lang.ClassCastException: class java.lang.Character cannot be cast to class java.lang.String (java.lang.Character and java.lang.String are in module java.base of loader 'bootstrap')
	at dev.markmcd.controller.types.kripke.StateTest.hasLabel10(StateTest.java:364)
</error>
  </testcase>
  <testcase name="hasLabel11" classname="dev.markmcd.controller.types.kripke.StateTest" time="0">
    <error message="class java.lang.Character cannot be cast to class java.lang.String (java.lang.Character and java.lang.String are in module java.base of loader &apos;bootstrap&apos;)" type="java.lang.ClassCastException">java.lang.ClassCastException: class java.lang.Character cannot be cast to class java.lang.String (java.lang.Character and java.lang.String are in module java.base of loader 'bootstrap')
	at dev.markmcd.controller.types.kripke.StateTest.hasLabel11(StateTest.java:377)
</error>
  </testcase>
</testsuite>