<?xml version="1.0" encoding="UTF-8"?>
<testsuite xmlns:xsi="http://www.w3.org/2001/XMLSchema-instance" xsi:noNamespaceSchemaLocation="https://maven.apache.org/surefire/maven-surefire-plugin/xsd/surefire-test-report.xsd" name="dev.markmcd.controller.ControllerTest" time="0.075" tests="10" errors="0" skipped="0" failures="1">
  <properties>
[...]
</properties>
  <testcase name="testGetTestFiles1" classname="dev.markmcd.controller.ControllerTest" time="0"/>
  <testcase name="testGetTestFiles2" classname="dev.markmcd.controller.ControllerTest" time="0"/>
  <testcase name="testGetTestFiles4" classname="dev.markmcd.controller.ControllerTest" time="0.061">
    <failure message="expected:&lt;[Model 1.txt, Model 2.txt, Model 3.txt, Model 4.txt, Model 5.txt, Model 6.txt, Model 7.txt, Model 8.txt]&gt; but was:&lt;[Model 1.txt, Model 2.txt, Model 3.txt, Model 4.txt, Model 5.txt, Model 6.txt, Model 7.txt]&gt;" type="java.lang.AssertionError"><![CDATA[java.lang.AssertionError: expected:<[Model 1.txt, Model 2.txt, Model 3.txt, Model 4.txt, Model 5.txt, Model 6.txt, Model 7.txt, Model 8.txt]> but was:<[Model 1.txt, Model 2.txt, Model 3.txt, Model 4.txt, Model 5.txt, Model 6.txt, Model 7.txt]>
	at dev.markmcd.controller.ControllerTest.testGetTestFiles4(ControllerTest.java:101)
]]></failure>
    <system-out><![CDATA[✅ model passed parsing - no syntax errors in kripke.txt
✅ formula passed parsing - "EXq" is well formed
✅ s3 holds for EXq
✅ s0 holds for EXq
❌ s1 does not hold for EXq
✅ s2 holds for EXq
]]></system-out>
  </testcase>
  <testcase name="testGetKripkeFromFile1" classname="dev.markmcd.controller.ControllerTest" time="0.004"/>
  <testcase name="testGetKripkeFromFile2" classname="dev.markmcd.controller.ControllerTest" time="0.007"/>
  <testcase name="testRunProgram1" classname="dev.markmcd.controller.ControllerTest" time="0.001"/>
  <testcase name="testRunProgram2" classname="dev.markmcd.controller.ControllerTest" time="0"/>
  <testcase name="testController1" classname="dev.markmcd.controller.ControllerTest" time="0"/>
  <testcase name="testController2" classname="dev.markmcd.controller.ControllerTest" time="0"/>
  <testcase name="testController3" classname="dev.markmcd.controller.ControllerTest" time="0"/>
</testsuite>