<?xml version="1.0" encoding="UTF-8"?>
<testsuite xmlns:xsi="http://www.w3.org/2001/XMLSchema-instance" xsi:noNamespaceSchemaLocation="https://maven.apache.org/surefire/maven-surefire-plugin/xsd/surefire-test-report.xsd" name="dev.markmcd.utils.UtilsTest" time="0.062" tests="36" errors="0" skipped="0" failures="0">
  <properties>
[...]
</properties>
  <testcase name="testIsStateName1" classname="dev.markmcd.utils.UtilsTest" time="0.002"/>
  <testcase name="testIsStateName2" classname="dev.markmcd.utils.UtilsTest" time="0"/>
  <testcase name="testIsStateName3" classname="dev.markmcd.utils.UtilsTest" time="0"/>
  <testcase name="testIsStateName4" classname="dev.markmcd.utils.UtilsTest" time="0.001"/>
  <testcase name="testIsStateName5" classname="dev.markmcd.utils.UtilsTest" time="0"/>
  <testcase name="testIsStateName6" classname="dev.markmcd.utils.UtilsTest" time="0"/>
  <testcase name="testIsStateName7" classname="dev.markmcd.utils.UtilsTest" time="0"/>
  <testcase name="testIsStateName8" classname="dev.markmcd.utils.UtilsTest" time="0.001"/>
  <testcase name="testIsStateName9" classname="dev.markmcd.utils.UtilsTest" time="0"/>
  <testcase name="testGetTransitionsStr1" classname="dev.markmcd.utils.UtilsTest" time="0.001"/>
  <testcase name="testGetTransitionsStr2" classname="dev.markmcd.utils.UtilsTest" time="0.001"/>
  <testcase name="testGetTransitionsStr3" classname="dev.markmcd.utils.UtilsTest" time="0.001"/>
  <testcase name="testGetTransitionsStr4" classname="dev.markmcd.utils.UtilsTest" time="0"/>
  <testcase name="testGetTransitionsStr5" classname="dev.markmcd.utils.UtilsTest" time="0"/>
  <testcase name="testGetTransitionsStr6" classname="dev.markmcd.utils.UtilsTest" time="0"/>
  <testcase name="testGetStatesStr10" classname="dev.markmcd.utils.UtilsTest" time="0"/>
  <testcase name="testGetStatesStr1" classname="dev.markmcd.utils.UtilsTest" time="0"/>
  <testcase name="testGetStatesStr2" classname="dev.markmcd.utils.UtilsTest" time="0.001"/>
  <testcase name="testGetStatesStr3" classname="dev.markmcd.utils.UtilsTest" time="0"/>
  <testcase name="testGetStatesStr4" classname="dev.markmcd.utils.UtilsTest" time="0"/>
  <testcase name="testGetStatesStr5" classname="dev.markmcd.utils.UtilsTest" time="0.001"/>
  <testcase name="testGetStatesStr6" classname="dev.markmcd.utils.UtilsTest" time="0"/>
  <testcase name="testGetStatesStr7" classname="dev.markmcd.utils.UtilsTest" time="0"/>
  <testcase name="testGetStatesStr8" classname="dev.markmcd.utils.UtilsTest" time="0"/>
  <testcase name="testGetStatesStr9" classname="dev.markmcd.utils.UtilsTest" time="0.001"/>
  <testcase name="testGetState1" classname="dev.markmcd.utils.UtilsTest" time="0"/>
  <testcase name="testGetState2" classname="dev.markmcd.utils.UtilsTest" time="0.001"/>
  <testcase name="testGetState3" classname="dev.markmcd.utils.UtilsTest" time="0"/>
  <testcase name="testGetState4" classname="dev.markmcd.utils.UtilsTest" time="0"/>
  <testcase name="testGetState5" classname="dev.markmcd.utils.UtilsTest" time="0"/>
  <testcase name="testGetState6" classname="dev.markmcd.utils.UtilsTest" time="0"/>
  <testcase name="testIsStateName10" classname="dev.markmcd.utils.UtilsTest" time="0"/>
  <testcase name="testIsStateName11" classname="dev.markmcd.utils.UtilsTest" time="0.002"/>
  <testcase name="testIsStateName12" classname="dev.markmcd.utils.UtilsTest" time="0"/>
  <testcase name="testIsStateName13" classname="dev.markmcd.utils.UtilsTest" time="0"/>
  <testcase name="testIsStateName14" classname="dev.markmcd.utils.UtilsTest" time="0"/>
</testsuite>