<?xml version="1.0" encoding="UTF-8"?>
<testsuite xmlns:xsi="http://www.w3.org/2001/XMLSchema-instance" xsi:noNamespaceSchemaLocation="https://maven.apache.org/surefire/maven-surefire-plugin/xsd/surefire-test-report.xsd" name="dev.markmcd.controller.types.kripke.StateTest" time="0.001" tests="35" errors="5" skipped="0" failures="4">
  <properties>
[...]
</properties>
  <testcase name="testaddTransition1" classname="dev.markmcd.controller.types.kripke.StateTest" time="0"/>
  <testcase name="testaddTransition2" classname="dev.markmcd.controller.types.kripke.StateTest" time="0"/>
  <testcase name="testaddTransition3" classname="dev.markmcd.controller.types.kripke.StateTest" time="0"/>
  <testcase name="testaddTransition4" classname="dev.markmcd.controller.types.kripke.StateTest" time="0"/>
  <testcase name="testaddTransition6" classname="dev.markmcd.controller.types.kripke.StateTest" time="0"/>
  <testcase name="testaddTransition7" classname="dev.markmcd.controller.types.kripke.StateTest" time="0"/>
  <testcase name="testaddTransition8" classname="dev.markmcd.controller.types.kripke.StateTest" time="0"/>
  <testcase name="testaddTransition9" classname="dev.markmcd.controller.types.kripke.StateTest" time="0"/>
  <testcase name="testHasTransitionTo1" classname="dev.markmcd.controller.types.kripke.StateTest" time="0"/>
  <testcase name="testHasTransitionTo2" classname="dev.markmcd.controller.types.kripke.StateTest" time="0"/>
  <testcase name="testHasTransitionTo3" classname="dev.markmcd.controller.types.kripke.StateTest" time="0"/>
  <testcase name="testHasTransitionTo4" classname="dev.markmcd.controller.types.kripke.StateTest" time="0"/>
  <testcase name="testHasTransitionTo5" classname="dev.markmcd.controller.types.kripke.StateTest" time="0"/>
  <testcase name="testHasTransitionTo6" classname="dev.markmcd.controller.types.kripke.StateTest" time="0"/>
  <testcase name="testHasTransitionTo7" classname="dev.markmcd.controller.types.kripke.StateTest" time="0"/>
  <testcase name="testHasTransitionTo8" classname="dev.markmcd.controller.types.kripke.StateTest" time="0"/>
  <testcase name="testHasTransitionTo9" classname="dev.markmcd.controller.types.kripke.StateTest" time="0"/>
  <testcase name="hasLabel1" classname="dev.markmcd.controller.types.kripke.StateTest" time="0.001"/>
  <testcase name="hasLabel2" classname="dev.markmcd.controller.types.kripke.StateTest" time="0">
    <failure message="Expected exception: java.io.IOException" type="java.lang.AssertionError">java.lang.AssertionError: Expected exception: java.io.IOException
</failure>
  </testcase>
  <testcase name="hasLabel3" classname="dev.markmcd.controller.types.kripke.StateTest" time="0">
    <failure message="Expected exception: java.io.IOException" type="java.lang.AssertionError">java.lang.AssertionError: Expected exception: java.io.IOException
</failure>
  </testcase>
  <testcase name="hasLabel4" classname="dev.markmcd.controller.types.kripke.StateTest" time="0">
    <failure message="Expected exception: java.io.IOException" type="java.lang.AssertionError">java.lang.AssertionError: Expected exception: java.io.IOException
</failure>
  </testcase>
  <testcase name="hasLabel5" classname="dev.markmcd.controller.types.kripke.StateTest" time="0">
    <failure message="Expected exception: java.io.IOException" type="java.lang.AssertionError">java.lang.AssertionError: Expected exception: java.io.IOException
</failure>
  </testcase>
  <testcase name="hasLabel6" classname="dev.markmcd.controller.types.kripke.StateTest" time="0"/>
  <testcase name="hasLabel7" classname="dev.markmcd.controller.types.kripke.StateTest" time="0"/>
  <testcase name="hasLabel8" classname="dev.markmcd.controller.types.kripke.StateTest" time="0"/>
  <testcase name="hasLabel9" classname="dev.markmcd.controller.types.kripke.StateTest" time="0"/>
  <testcase name="testaddTransition10" classname="dev.markmcd.controller.types.kripke.StateTest" time="0"/>
  <testcase name="testaddTransition11" classname="dev.markmcd.controller.types.kripke.StateTest" time="0"/>
  <testcase name="testaddTransition12" classname="dev.markmcd.controller.types.kripke.StateTest" time="0"/>
  <testcase name="testToStringDetailed1" classname="dev.markmcd.controller.types.kripke.StateTest" time="0"/>
  <testcase name="testToStringDetailed2" classname="dev.markmcd.controller.types.kripke.StateTest" time="0">
    <error message="class java.lang.Character cannot be cast to class java.lang.String (java.lang.Character and java.lang.String are in module java.base of loader &apos;bootstrap&apos;)" type="java.lang.ClassCastException">java.lang.ClassCastException: class java.lang.Character cannot be cast to class java.lang.String (java.lang.Character and java.lang.String are in module java.base of loader 'bootstrap')
	at dev.markmcd.controller.types.kripke.StateTest.testToStringDetailed2(StateTest.java:242)
</error>
  </testcase>
  <testcase name="testToStringDetailed3" classname="dev.markmcd.controller.types.kripke.StateTest" time="0">
    <error message="class java.lang.Character cannot be cast to class java.lang.String (java.lang.Character and java.lang.String are in module java.base of loader &apos;bootstrap&apos;)" type="java.lang.ClassCastException">java.lang.ClassCastException: class java.lang.Character cannot be cast to class java.lang.String (java.lang.Character and java.lang.String are in module java.base of loader 'bootstrap')
	at dev.markmcd.controller.types.kripke.StateTest.testToStringDetailed3(StateTest.java:254)
</error>
  </testcase>
  <testcase name="testToStringDetailed4" classname="dev.markmcd.controller.types.kripke.StateTest" time="0">
    <error message="class java.lang.Character cannot be cast to class java.lang.String (java.lang.Character and java.lang.String are in module java.base of loader &apos;bootstrap&apos;)" type="java.lang.ClassCastException">java.lang.ClassCastException: class java.lang.Character cannot be cast to class java.lang.String (java.lang.Character and java.lang.String are in module java.base of loader 'bootstrap')
	at dev.markmcd.controller.types.kripke.StateTest.testToStringDetailed4(StateTest.java:266)
</error>
  </testcase>
  <testcase name="hasLabel10" classname="dev.markmcd.controller.types.kripke.StateTest" time="0">
    <error message="class java.lang.Character cannot be cast to class java.lang.String (java.lang.Character and java.lang.String are in module java.base of loader &apos;bootstrap&apos;)" type="java.lang.ClassCastException">java.lang.ClassCastException: class java.lang.Character cannot be cast to class java.lang.String (java.lang.Character and java.lang.String are in module java.base of loader 'bootstrap')
	at dev.markmcd.controller.types.kripke.StateTest.hasLabel10(StateTest.java:364)
</error>
  </testcase>
  <testcase name="hasLabel11" classname="dev.markmcd.controller.types.kripke.StateTest" time="0">
    <error message="class java.lang.Character cannot be cast to class java.lang.String (java.lang.Character and java.lang.String are in module java.base of loader &apos;bootstrap&apos;)" type="java.lang.ClassCastException">java.lang.ClassCastException: class java.lang.Character cannot be cast to class java.lang.String (java.lang.Character and java.lang.String are in module java.base of loader 'bootstrap')
	at dev.markmcd.controller.types.kripke.StateTest.hasLabel11(StateTest.java:377)
</error>
  </testcase>
</testsuite>