<?xml version="1.0" encoding="UTF-8"?>
<testsuite xmlns:xsi="http://www.w3.org/2001/XMLSchema-instance" xsi:noNamespaceSchemaLocation="https://maven.apache.org/surefire/maven-surefire-plugin/xsd/surefire-test-report.xsd" name="dev.markmcd.utils.UtilsTest" time="0.066" tests="65" errors="0" skipped="0" failures="0">
  <properties>
[...]
</properties>
  <testcase name="testIsStateName1" classname="dev.markmcd.utils.UtilsTest" time="0.003"/>
  <testcase name="testIsStateName2" classname="dev.markmcd.utils.UtilsTest" time="0"/>
  <testcase name="testIsStateName3" classname="dev.markmcd.utils.UtilsTest" time="0"/>
  <testcase name="testIsStateName4" classname="dev.markmcd.utils.UtilsTest" time="0.001"/>
  <testcase name="testIsStateName5" classname="dev.markmcd.utils.UtilsTest" time="0"/>
  <testcase name="testIsStateName6" classname="dev.markmcd.utils.UtilsTest" time="0"/>
  <testcase name="testIsStateName7" classname="dev.markmcd.utils.UtilsTest" time="0"/>
  <testcase name="testIsStateName8" classname="dev.markmcd.utils.UtilsTest" time="0"/>
  <testcase name="testIsStateName9" classname="dev.markmcd.utils.UtilsTest" time="0"/>
  <testcase name="testAreEqual1" classname="dev.markmcd.utils.UtilsTest" time="0"/>
  <testcase name="testAreEqual2" classname="dev.markmcd.utils.UtilsTest" time="0.001"/>
  <testcase name="testAreEqual3" classname="dev.markmcd.utils.UtilsTest" time="0"/>
  <testcase name="testAreEqual4" classname="dev.markmcd.utils.UtilsTest" time="0"/>
  <testcase name="testAreEqual5" classname="dev.markmcd.utils.UtilsTest" time="0.001"/>
  <testcase name="testAreEqual6" classname="dev.markmcd.utils.UtilsTest" time="0"/>
  <testcase name="testAreEqual7" classname="dev.markmcd.utils.UtilsTest" time="0"/>
  <testcase name="testAreEqual8" classname="dev.markmcd.utils.UtilsTest" time="0"/>
  <testcase name="testAreEqual9" classname="dev.markmcd.utils.UtilsTest" time="0.001"/>
  <testcase name="testGetLabelsStr1" classname="dev.markmcd.utils.UtilsTest" time="0"/>
  <testcase name="testGetLabelsStr2" classname="dev.markmcd.utils.UtilsTest" time="0.001"/>
  <testcase name="testGetLabelsStr3" classname="dev.markmcd.utils.UtilsTest" time="0"/>
  <testcase name="testGetLabelsStr4" classname="dev.markmcd.utils.UtilsTest" time="0"/>
  <testcase name="testGetTransitionsStr1" classname="dev.markmcd.utils.UtilsTest" time="0"/>
  <testcase name="testGetTransitionsStr2" classname="dev.markmcd.utils.UtilsTest" time="0.001"/>
  <testcase name="testGetTransitionsStr3" classname="dev.markmcd.utils.UtilsTest" time="0"/>
  <testcase name="testGetTransitionsStr4" classname="dev.markmcd.utils.UtilsTest" time="0"/>
  <testcase name="testGetTransitionsStr5" classname="dev.markmcd.utils.UtilsTest" time="0"/>
  <testcase name="testGetTransitionsStr6" classname="dev.markmcd.utils.UtilsTest" time="0"/>
  <testcase name="testGetStatesStr10" classname="dev.markmcd.utils.UtilsTest" time="0.001"/>
  <testcase name="testContains1" classname="dev.markmcd.utils.UtilsTest" time="0"/>
  <testcase name="testContains2" classname="dev.markmcd.utils.UtilsTest" time="0"/>
  <testcase name="testContains3" classname="dev.markmcd.utils.UtilsTest" time="0"/>
  <testcase name="testContains4" classname="dev.markmcd.utils.UtilsTest" time="0.001"/>
  <testcase name="testContains5" classname="dev.markmcd.utils.UtilsTest" time="0"/>
  <testcase name="testContains6" classname="dev.markmcd.utils.UtilsTest" time="0"/>
  <testcase name="testContains7" classname="dev.markmcd.utils.UtilsTest" time="0"/>
  <testcase name="testContains8" classname="dev.markmcd.utils.UtilsTest" time="0"/>
  <testcase name="testIsTxtFile1" classname="dev.markmcd.utils.UtilsTest" time="0"/>
  <testcase name="testIsTxtFile2" classname="dev.markmcd.utils.UtilsTest" time="0"/>
  <testcase name="testIsTxtFile3" classname="dev.markmcd.utils.UtilsTest" time="0"/>
  <testcase name="testIsTxtFile4" classname="dev.markmcd.utils.UtilsTest" time="0"/>
  <testcase name="testIsTxtFile5" classname="dev.markmcd.utils.UtilsTest" time="0"/>
  <testcase name="testIsTxtFile6" classname="dev.markmcd.utils.UtilsTest" time="0"/>
  <testcase name="testIsTxtFile7" classname="dev.markmcd.utils.UtilsTest" time="0"/>
  <testcase name="testIsTxtFile8" classname="dev.markmcd.utils.UtilsTest" time="0"/>
  <testcase name="testGetStatesStr1" classname="dev.markmcd.utils.UtilsTest" time="0"/>
  <testcase name="testGetStatesStr2" classname="dev.markmcd.utils.UtilsTest" time="0"/>
  <testcase name="testGetStatesStr3" classname="dev.markmcd.utils.UtilsTest" time="0"/>
  <testcase name="testGetStatesStr4" classname="dev.markmcd.utils.UtilsTest" time="0"/>
  <testcase name="testGetStatesStr5" classname="dev.markmcd.utils.UtilsTest" time="0"/>
  <testcase name="testGetStatesStr6" classname="dev.markmcd.utils.UtilsTest" time="0"/>
  <testcase name="testGetStatesStr7" classname="dev.markmcd.utils.UtilsTest" time="0"/>
  <testcase name="testGetStatesStr8" classname="dev.markmcd.utils.UtilsTest" time="0"/>
  <testcase name="testGetStatesStr9" classname="dev.markmcd.utils.UtilsTest" time="0"/>
  <testcase name="testGetState1" classname="dev.markmcd.utils.UtilsTest" time="0"/>
  <testcase name="testGetState2" classname="dev.markmcd.utils.UtilsTest" time="0"/>
  <testcase name="testGetState3" classname="dev.markmcd.utils.UtilsTest" time="0"/>
  <testcase name="testGetState4" classname="dev.markmcd.utils.UtilsTest" time="0"/>
  <testcase name="testGetState5" classname="dev.markmcd.utils.UtilsTest" time="0"/>
  <testcase name="testGetState6" classname="dev.markmcd.utils.UtilsTest" time="0"/>
  <testcase name="testIsStateName10" classname="dev.markmcd.utils.UtilsTest" time="0.001"/>
  <testcase name="testIsStateName11" classname="dev.markmcd.utils.UtilsTest" time="0"/>
  <testcase name="testIsStateName12" classname="dev.markmcd.utils.UtilsTest" time="0"/>
  <testcase name="testIsStateName13" classname="dev.markmcd.utils.UtilsTest" time="0"/>
  <testcase name="testIsStateName14" classname="dev.markmcd.utils.UtilsTest" time="0"/>
</testsuite>